{
  "RSpec": {
    "coverage": {
      "D:/workspace_sample_1/JobPostingApplication/app/models/user.rb": {
        "lines": [
          1,
          1,
          1,
          1,
          null,
          1,
          null,
          1,
          null,
          1,
          null,
          1,
          11,
          null,
          null,
          1,
          2,
          null,
          null
        ]
      },
      "D:/workspace_sample_1/JobPostingApplication/app/models/application_record.rb": {
        "lines": [
          1,
          1,
          null
        ]
      },
      "D:/workspace_sample_1/JobPostingApplication/app/helpers/application_helper.rb": {
        "lines": [
          1,
          null
        ]
      },
      "D:/workspace_sample_1/JobPostingApplication/app/helpers/applications_helper.rb": {
        "lines": [
          1,
          null
        ]
      },
      "D:/workspace_sample_1/JobPostingApplication/app/helpers/jobs_helper.rb": {
        "lines": [
          1,
          1,
          0,
          0,
          0,
          0,
          0,
          null,
          null,
          null
        ]
      },
      "D:/workspace_sample_1/JobPostingApplication/app/helpers/messages_helper.rb": {
        "lines": [
          1,
          null
        ]
      },
      "D:/workspace_sample_1/JobPostingApplication/app/controllers/application_controller.rb": {
        "lines": [
          1,
          1,
          1,
          null,
          1,
          12,
          1,
          null,
          11,
          null,
          null,
          null,
          1,
          1,
          1,
          1,
          null,
          null,
          null,
          null,
          null
        ]
      },
      "D:/workspace_sample_1/JobPostingApplication/app/controllers/jobs_controller.rb": {
        "lines": [
          null,
          1,
          null,
          null,
          null,
          1,
          1,
          1,
          null,
          null,
          1,
          null,
          1,
          null,
          2,
          2,
          null,
          null,
          1,
          3,
          null,
          3,
          3,
          null,
          3,
          null,
          3,
          null,
          null,
          3,
          null,
          3,
          3,
          null,
          null,
          null,
          null,
          null,
          3,
          null,
          null,
          null,
          null,
          null,
          null,
          null,
          null,
          null,
          null,
          null,
          null,
          null,
          null,
          null,
          null,
          null,
          null,
          null,
          null,
          null,
          null,
          null,
          null,
          null,
          null,
          null,
          null,
          null,
          null,
          null,
          null,
          null,
          null,
          null,
          null,
          null,
          null,
          null,
          null,
          null,
          null,
          null,
          null,
          null,
          null,
          null,
          null,
          null,
          null,
          null,
          null,
          null,
          null,
          null,
          null,
          null,
          null,
          null,
          null,
          null,
          null,
          null,
          null,
          null,
          null,
          null,
          null,
          null,
          null,
          null,
          null,
          null,
          null,
          null,
          null,
          null,
          null,
          null,
          null,
          null,
          null,
          null,
          null,
          null,
          null,
          null,
          null,
          null,
          null,
          null,
          null,
          null,
          null,
          null,
          null,
          null,
          null,
          null,
          null,
          null,
          null,
          null,
          null,
          null,
          null,
          null,
          null,
          null,
          null,
          null,
          null,
          null,
          null,
          null,
          null,
          null,
          null,
          null,
          null,
          null,
          null,
          null,
          null,
          null,
          null,
          null,
          null,
          null,
          null,
          null,
          null,
          null,
          null,
          null,
          null,
          null,
          null,
          null,
          null,
          null,
          null,
          null,
          null,
          null,
          null,
          null,
          null,
          null,
          null,
          null,
          null,
          null,
          3,
          null,
          null,
          null,
          null,
          null,
          null,
          null,
          null,
          null,
          3,
          null,
          null,
          null,
          3,
          2,
          1,
          1,
          null,
          null,
          null,
          null,
          null,
          null,
          null,
          null,
          null,
          null,
          null,
          null,
          null,
          null,
          null,
          null,
          null,
          null,
          null,
          null,
          null,
          null,
          null,
          null,
          null,
          null,
          null,
          null,
          null,
          null,
          null,
          null,
          null,
          null,
          1,
          null,
          1,
          null,
          null,
          1,
          2,
          2,
          1,
          null,
          1,
          null,
          null,
          null,
          1,
          null,
          null,
          1,
          2,
          1,
          null,
          1,
          null,
          null,
          null,
          1,
          2,
          null,
          2,
          2,
          3,
          null,
          null,
          null,
          1,
          null,
          1,
          12,
          null,
          null,
          1,
          4,
          null,
          null,
          1,
          9,
          4,
          null,
          null,
          null
        ]
      },
      "D:/workspace_sample_1/JobPostingApplication/app/controllers/my_job.rb": {
        "lines": [
          null,
          1,
          1,
          null,
          null,
          5,
          null,
          null,
          1,
          null,
          null,
          null,
          1,
          1,
          null,
          null
        ]
      },
      "D:/workspace_sample_1/JobPostingApplication/app/jobs/application_job.rb": {
        "lines": [
          1,
          null,
          null,
          null,
          null,
          null,
          null
        ]
      },
      "D:/workspace_sample_1/JobPostingApplication/app/models/application.rb": {
        "lines": [
          1,
          1,
          1,
          null
        ]
      },
      "D:/workspace_sample_1/JobPostingApplication/app/models/job.rb": {
        "lines": [
          1,
          null,
          1,
          1,
          null,
          null,
          1,
          null,
          null,
          null,
          null,
          null,
          null,
          null,
          null,
          null,
          null
        ]
      },
      "D:/workspace_sample_1/JobPostingApplication/app/services/my_custom_service.rb": {
        "lines": [
          1,
          1,
          0,
          null,
          null
        ]
      },
      "D:/workspace_sample_1/JobPostingApplication/app/channels/application_cable/channel.rb": {
        "lines": [
          0,
          0,
          0,
          0
        ],
        "branches": {
        }
      },
      "D:/workspace_sample_1/JobPostingApplication/app/channels/application_cable/connection.rb": {
        "lines": [
          0,
          0,
          0,
          0
        ],
        "branches": {
        }
      },
      "D:/workspace_sample_1/JobPostingApplication/app/controllers/applications_controller.rb": {
        "lines": [
          null,
          0,
          0,
          null,
          0,
          0,
          0,
          null,
          0,
          0,
          0,
          0,
          0,
          0,
          null,
          0,
          0,
          0,
          0,
          0,
          0
        ],
        "branches": {
        }
      },
      "D:/workspace_sample_1/JobPostingApplication/app/mailers/application_mailer.rb": {
        "lines": [
          0,
          0,
          0,
          0,
          0,
          0,
          0,
          0,
          null,
          null,
          0,
          null,
          null,
          null
        ],
        "branches": {
        }
      }
    },
    "timestamp": 1750318082
  }
}
